0 verbose cli [
0 verbose cli   '/usr/bin/node',
0 verbose cli   '/usr/bin/npm',
0 verbose cli   'install',
0 verbose cli   '--no-audit',
0 verbose cli   '--save',
0 verbose cli   '@testing-library/jest-dom@^5.14.1',
0 verbose cli   '@testing-library/react@^13.0.0',
0 verbose cli   '@testing-library/user-event@^13.2.1',
0 verbose cli   'web-vitals@^2.1.0'
0 verbose cli ]
1 info using npm@8.5.5
2 info using node@v16.15.0
3 timing npm:load:whichnode Completed in 1ms
4 timing config:load:defaults Completed in 2ms
5 timing config:load:file:/usr/lib/node_modules/npm/npmrc Completed in 1ms
6 timing config:load:builtin Completed in 1ms
7 timing config:load:cli Completed in 2ms
8 timing config:load:env Completed in 0ms
9 timing config:load:file:/home/cloudshell-user/amplifyapp/.npmrc Completed in 1ms
10 timing config:load:project Completed in 16ms
11 timing config:load:file:/home/cloudshell-user/.npmrc Completed in 0ms
12 timing config:load:user Completed in 0ms
13 timing config:load:file:/usr/etc/npmrc Completed in 0ms
14 timing config:load:global Completed in 0ms
15 timing config:load:validate Completed in 1ms
16 timing config:load:credentials Completed in 0ms
17 timing config:load:setEnvs Completed in 1ms
18 timing config:load Completed in 23ms
19 timing npm:load:configload Completed in 23ms
20 timing npm:load:setTitle Completed in 0ms
21 timing config:load:flatten Completed in 2ms
22 timing npm:load:display Completed in 4ms
23 verbose logfile /home/cloudshell-user/.npm/_logs/2022-06-17T19_37_36_592Z-debug-0.log
24 timing npm:load:logFile Completed in 4ms
25 timing npm:load:timers Completed in 0ms
26 timing npm:load:configScope Completed in 0ms
27 timing npm:load Completed in 32ms
28 timing arborist:ctor Completed in 0ms
29 timing idealTree:init Completed in 1607ms
30 timing idealTree:userRequests Completed in 3ms
31 silly idealTree buildDeps
32 silly fetch manifest @testing-library/jest-dom@^5.14.1
33 timing arborist:ctor Completed in 0ms
34 http fetch GET 200 https://registry.npmjs.org/@testing-library%2fjest-dom 1472ms (cache miss)
35 silly fetch manifest @testing-library/react@^13.0.0
36 http fetch GET 200 https://registry.npmjs.org/@testing-library%2freact 84ms (cache miss)
37 silly fetch manifest react@^18.2.0
38 http fetch GET 200 https://registry.npmjs.org/react 9ms (cache hit)
39 silly fetch manifest react-dom@^18.2.0
40 http fetch GET 200 https://registry.npmjs.org/react-dom 6ms (cache hit)
41 silly fetch manifest @testing-library/user-event@^13.2.1
42 http fetch GET 200 https://registry.npmjs.org/@testing-library%2fuser-event 420ms (cache miss)
43 silly fetch manifest @testing-library/dom@>=7.21.4
44 http fetch GET 200 https://registry.npmjs.org/@testing-library%2fdom 57ms (cache miss)
45 silly fetch manifest web-vitals@^2.1.0
46 http fetch GET 200 https://registry.npmjs.org/web-vitals 52ms (cache miss)
47 silly placeDep ROOT @testing-library/jest-dom@5.16.4 OK for: amplifyapp@0.1.0 want: ^5.14.1
48 silly placeDep ROOT @testing-library/react@13.3.0 OK for: amplifyapp@0.1.0 want: ^13.0.0
49 silly placeDep ROOT @testing-library/user-event@13.5.0 OK for: amplifyapp@0.1.0 want: ^13.2.1
50 silly placeDep ROOT @testing-library/dom@8.13.0 OK for: @testing-library/user-event@13.5.0 want: >=7.21.4
51 silly placeDep ROOT web-vitals@2.1.4 OK for: amplifyapp@0.1.0 want: ^2.1.0
52 silly fetch manifest @types/testing-library__jest-dom@^5.9.1
53 silly fetch manifest aria-query@^5.0.0
54 silly fetch manifest chalk@^3.0.0
55 silly fetch manifest css@^3.0.0
56 silly fetch manifest css.escape@^1.5.1
57 silly fetch manifest dom-accessibility-api@^0.5.6
58 silly fetch manifest redent@^3.0.0
59 silly fetch manifest @types/react-dom@^18.0.0
60 silly fetch manifest @types/aria-query@^4.2.0
61 silly fetch manifest chalk@^4.1.0
62 silly fetch manifest dom-accessibility-api@^0.5.9
63 silly fetch manifest lz-string@^1.4.4
64 http fetch GET 200 https://registry.npmjs.org/aria-query 24ms (cache hit)
65 http fetch GET 200 https://registry.npmjs.org/chalk 25ms (cache hit)
66 http fetch GET 200 https://registry.npmjs.org/@types%2ftesting-library__jest-dom 51ms (cache miss)
67 http fetch GET 200 https://registry.npmjs.org/css.escape 72ms (cache miss)
68 http fetch GET 200 https://registry.npmjs.org/redent 75ms (cache miss)
69 http fetch GET 200 https://registry.npmjs.org/lz-string 86ms (cache miss)
70 http fetch GET 200 https://registry.npmjs.org/dom-accessibility-api 88ms (cache miss)
71 http fetch GET 200 https://registry.npmjs.org/@types%2faria-query 91ms (cache miss)
72 http fetch GET 200 https://registry.npmjs.org/css 100ms (cache miss)
73 http fetch GET 200 https://registry.npmjs.org/@types%2freact-dom 106ms (cache miss)
74 timing idealTree:#root Completed in 2258ms
75 silly placeDep ROOT @types/aria-query@4.2.2 OK for: @testing-library/dom@8.13.0 want: ^4.2.0
76 silly placeDep node_modules/@testing-library/dom aria-query@5.0.0 OK for: @testing-library/dom@8.13.0 want: ^5.0.0
77 silly placeDep node_modules/@testing-library/dom chalk@4.1.2 OK for: @testing-library/dom@8.13.0 want: ^4.1.0
78 silly placeDep ROOT dom-accessibility-api@0.5.14 OK for: @testing-library/dom@8.13.0 want: ^0.5.9
79 silly placeDep ROOT lz-string@1.4.4 OK for: @testing-library/dom@8.13.0 want: ^1.4.4
80 silly fetch manifest ansi-styles@^4.1.0
81 silly fetch manifest supports-color@^7.1.0
82 http fetch GET 200 https://registry.npmjs.org/ansi-styles 7ms (cache hit)
83 http fetch GET 200 https://registry.npmjs.org/supports-color 7ms (cache hit)
84 timing idealTree:node_modules/@testing-library/dom Completed in 20ms
85 silly placeDep ROOT @types/testing-library__jest-dom@5.14.4 OK for: @testing-library/jest-dom@5.16.4 want: ^5.9.1
86 silly placeDep node_modules/@testing-library/jest-dom aria-query@5.0.0 OK for: @testing-library/jest-dom@5.16.4 want: ^5.0.0
87 silly placeDep node_modules/@testing-library/jest-dom chalk@3.0.0 OK for: @testing-library/jest-dom@5.16.4 want: ^3.0.0
88 silly placeDep ROOT css@3.0.0 OK for: @testing-library/jest-dom@5.16.4 want: ^3.0.0
89 silly placeDep ROOT css.escape@1.5.1 OK for: @testing-library/jest-dom@5.16.4 want: ^1.5.1
90 silly placeDep ROOT redent@3.0.0 OK for: @testing-library/jest-dom@5.16.4 want: ^3.0.0
91 silly fetch manifest @types/jest@*
92 silly fetch manifest source-map@^0.6.1
93 silly fetch manifest source-map-resolve@^0.6.0
94 silly fetch manifest indent-string@^4.0.0
95 silly fetch manifest strip-indent@^3.0.0
96 http fetch GET 200 https://registry.npmjs.org/source-map 7ms (cache hit)
97 http fetch GET 200 https://registry.npmjs.org/strip-indent 32ms (cache miss)
98 http fetch GET 200 https://registry.npmjs.org/source-map-resolve 42ms (cache miss)
99 http fetch GET 200 https://registry.npmjs.org/indent-string 49ms (cache miss)
100 http fetch GET 200 https://registry.npmjs.org/@types%2fjest 53ms (cache miss)
101 timing idealTree:node_modules/@testing-library/jest-dom Completed in 61ms
102 silly placeDep ROOT @types/react-dom@18.0.5 OK for: @testing-library/react@13.3.0 want: ^18.0.0
103 silly fetch manifest @types/react@*
104 http fetch GET 200 https://registry.npmjs.org/@types%2freact 54ms (cache miss)
105 timing idealTree:node_modules/@testing-library/react Completed in 58ms
106 timing idealTree:node_modules/@testing-library/user-event Completed in 0ms
107 timing idealTree:node_modules/@types/aria-query Completed in 0ms
108 silly placeDep ROOT @types/react@18.0.14 OK for: @types/react-dom@18.0.5 want: *
109 silly fetch manifest @types/prop-types@*
110 silly fetch manifest @types/scheduler@*
111 silly fetch manifest csstype@^3.0.2
112 http fetch GET 200 https://registry.npmjs.org/@types%2fprop-types 55ms (cache miss)
113 http fetch GET 200 https://registry.npmjs.org/csstype 55ms (cache miss)
114 http fetch GET 200 https://registry.npmjs.org/@types%2fscheduler 60ms (cache miss)
115 timing idealTree:node_modules/@types/react-dom Completed in 62ms
116 silly placeDep ROOT @types/prop-types@15.7.5 OK for: @types/react@18.0.14 want: *
117 silly placeDep ROOT @types/scheduler@0.16.2 OK for: @types/react@18.0.14 want: *
118 silly placeDep ROOT csstype@3.1.0 OK for: @types/react@18.0.14 want: ^3.0.2
119 timing idealTree:node_modules/@types/react Completed in 4ms
120 timing idealTree:node_modules/@types/prop-types Completed in 0ms
121 timing idealTree:node_modules/@types/scheduler Completed in 0ms
122 silly placeDep ROOT @types/jest@28.1.2 OK for: @types/testing-library__jest-dom@5.14.4 want: *
123 silly fetch manifest jest-matcher-utils@^28.0.0
124 silly fetch manifest pretty-format@^28.0.0
125 http fetch GET 200 https://registry.npmjs.org/jest-matcher-utils 8ms (cache hit)
126 http fetch GET 200 https://registry.npmjs.org/pretty-format 9ms (cache hit)
127 timing idealTree:node_modules/@types/testing-library__jest-dom Completed in 13ms
128 silly placeDep node_modules/@types/jest jest-matcher-utils@28.1.1 OK for: @types/jest@28.1.2 want: ^28.0.0
129 silly placeDep node_modules/@types/jest pretty-format@28.1.1 OK for: @types/jest@28.1.2 want: ^28.0.0
130 silly fetch manifest chalk@^4.0.0
131 silly fetch manifest jest-diff@^28.1.1
132 silly fetch manifest jest-get-type@^28.0.2
133 silly fetch manifest ansi-styles@^5.0.0
134 silly fetch manifest react-is@^18.0.0
135 http fetch GET 200 https://registry.npmjs.org/jest-diff 7ms (cache hit)
136 http fetch GET 200 https://registry.npmjs.org/jest-get-type 9ms (cache hit)
137 http fetch GET 200 https://registry.npmjs.org/react-is 10ms (cache hit)
138 timing idealTree:node_modules/@types/jest Completed in 23ms
139 silly placeDep node_modules/css source-map@0.6.1 OK for: css@3.0.0 want: ^0.6.1
140 silly placeDep ROOT source-map-resolve@0.6.0 OK for: css@3.0.0 want: ^0.6.0
141 silly fetch manifest atob@^2.1.2
142 silly fetch manifest decode-uri-component@^0.2.0
143 http fetch GET 200 https://registry.npmjs.org/decode-uri-component 32ms (cache miss)
144 http fetch GET 200 https://registry.npmjs.org/atob 42ms (cache miss)
145 timing idealTree:node_modules/css Completed in 44ms
146 timing idealTree:node_modules/css.escape Completed in 0ms
147 timing idealTree:node_modules/csstype Completed in 0ms
148 timing idealTree:node_modules/dom-accessibility-api Completed in 0ms
149 timing idealTree:node_modules/lz-string Completed in 0ms
150 silly placeDep ROOT indent-string@4.0.0 OK for: redent@3.0.0 want: ^4.0.0
151 silly placeDep ROOT strip-indent@3.0.0 OK for: redent@3.0.0 want: ^3.0.0
152 silly fetch manifest min-indent@^1.0.0
153 http fetch GET 200 https://registry.npmjs.org/min-indent 47ms (cache miss)
154 timing idealTree:node_modules/redent Completed in 50ms
155 timing idealTree:node_modules/indent-string Completed in 0ms
156 silly placeDep ROOT atob@2.1.2 OK for: source-map-resolve@0.6.0 want: ^2.1.2
157 silly placeDep ROOT decode-uri-component@0.2.0 OK for: source-map-resolve@0.6.0 want: ^0.2.0
158 timing idealTree:node_modules/source-map-resolve Completed in 2ms
159 timing idealTree:node_modules/atob Completed in 0ms
160 timing idealTree:node_modules/decode-uri-component Completed in 0ms
161 silly placeDep ROOT min-indent@1.0.1 OK for: strip-indent@3.0.0 want: ^1.0.0
162 timing idealTree:node_modules/strip-indent Completed in 1ms
163 timing idealTree:node_modules/min-indent Completed in 0ms
164 timing idealTree:node_modules/web-vitals Completed in 0ms
165 timing idealTree:node_modules/@testing-library/dom/node_modules/aria-query Completed in 0ms
166 silly placeDep node_modules/@testing-library/dom ansi-styles@4.3.0 OK for: chalk@4.1.2 want: ^4.1.0
167 silly placeDep node_modules/@testing-library/dom supports-color@7.2.0 OK for: chalk@4.1.2 want: ^7.1.0
168 silly fetch manifest color-convert@^2.0.1
169 silly fetch manifest has-flag@^4.0.0
170 http fetch GET 200 https://registry.npmjs.org/color-convert 4ms (cache hit)
171 http fetch GET 200 https://registry.npmjs.org/has-flag 4ms (cache hit)
172 timing idealTree:node_modules/@testing-library/dom/node_modules/chalk Completed in 11ms
173 silly placeDep node_modules/@testing-library/dom color-convert@2.0.1 OK for: ansi-styles@4.3.0 want: ^2.0.1
174 silly fetch manifest color-name@~1.1.4
175 http fetch GET 200 https://registry.npmjs.org/color-name 2ms (cache hit)
176 timing idealTree:node_modules/@testing-library/dom/node_modules/ansi-styles Completed in 4ms
177 silly placeDep node_modules/@testing-library/dom color-name@1.1.4 OK for: color-convert@2.0.1 want: ~1.1.4
178 timing idealTree:node_modules/@testing-library/dom/node_modules/color-convert Completed in 1ms
179 timing idealTree:node_modules/@testing-library/dom/node_modules/color-name Completed in 0ms
180 silly placeDep node_modules/@testing-library/dom has-flag@4.0.0 OK for: supports-color@7.2.0 want: ^4.0.0
181 timing idealTree:node_modules/@testing-library/dom/node_modules/supports-color Completed in 1ms
182 timing idealTree:node_modules/@testing-library/dom/node_modules/has-flag Completed in 0ms
183 timing idealTree:node_modules/@testing-library/jest-dom/node_modules/aria-query Completed in 0ms
184 silly placeDep node_modules/@testing-library/jest-dom ansi-styles@4.3.0 OK for: chalk@3.0.0 want: ^4.1.0
185 silly placeDep node_modules/@testing-library/jest-dom supports-color@7.2.0 OK for: chalk@3.0.0 want: ^7.1.0
186 timing idealTree:node_modules/@testing-library/jest-dom/node_modules/chalk Completed in 2ms
187 silly placeDep node_modules/@testing-library/jest-dom color-convert@2.0.1 OK for: ansi-styles@4.3.0 want: ^2.0.1
188 timing idealTree:node_modules/@testing-library/jest-dom/node_modules/ansi-styles Completed in 0ms
189 silly placeDep node_modules/@testing-library/jest-dom color-name@1.1.4 OK for: color-convert@2.0.1 want: ~1.1.4
190 timing idealTree:node_modules/@testing-library/jest-dom/node_modules/color-convert Completed in 0ms
191 timing idealTree:node_modules/@testing-library/jest-dom/node_modules/color-name Completed in 0ms
192 silly placeDep node_modules/@testing-library/jest-dom has-flag@4.0.0 OK for: supports-color@7.2.0 want: ^4.0.0
193 timing idealTree:node_modules/@testing-library/jest-dom/node_modules/supports-color Completed in 1ms
194 timing idealTree:node_modules/@testing-library/jest-dom/node_modules/has-flag Completed in 0ms
195 silly placeDep node_modules/@types/jest chalk@4.1.2 OK for: jest-matcher-utils@28.1.1 want: ^4.0.0
196 silly placeDep node_modules/@types/jest jest-diff@28.1.1 OK for: jest-matcher-utils@28.1.1 want: ^28.1.1
197 silly placeDep node_modules/@types/jest jest-get-type@28.0.2 OK for: jest-matcher-utils@28.1.1 want: ^28.0.2
198 silly fetch manifest diff-sequences@^28.1.1
199 http fetch GET 200 https://registry.npmjs.org/diff-sequences 3ms (cache hit)
200 timing idealTree:node_modules/@types/jest/node_modules/jest-matcher-utils Completed in 7ms
201 silly placeDep node_modules/@types/jest ansi-styles@4.3.0 OK for: chalk@4.1.2 want: ^4.1.0
202 silly placeDep node_modules/@types/jest supports-color@7.2.0 OK for: chalk@4.1.2 want: ^7.1.0
203 timing idealTree:node_modules/@types/jest/node_modules/chalk Completed in 4ms
204 silly placeDep node_modules/@types/jest color-convert@2.0.1 OK for: ansi-styles@4.3.0 want: ^2.0.1
205 timing idealTree:node_modules/@types/jest/node_modules/ansi-styles Completed in 1ms
206 silly placeDep node_modules/@types/jest color-name@1.1.4 OK for: color-convert@2.0.1 want: ~1.1.4
207 timing idealTree:node_modules/@types/jest/node_modules/color-convert Completed in 1ms
208 timing idealTree:node_modules/@types/jest/node_modules/color-name Completed in 0ms
209 silly placeDep node_modules/@types/jest diff-sequences@28.1.1 OK for: jest-diff@28.1.1 want: ^28.1.1
210 timing idealTree:node_modules/@types/jest/node_modules/jest-diff Completed in 2ms
211 timing idealTree:node_modules/@types/jest/node_modules/diff-sequences Completed in 0ms
212 timing idealTree:node_modules/@types/jest/node_modules/jest-get-type Completed in 0ms
213 silly placeDep node_modules/@types/jest/node_modules/pretty-format ansi-styles@5.2.0 OK for: pretty-format@28.1.1 want: ^5.0.0
214 silly placeDep node_modules/@types/jest react-is@18.2.0 OK for: pretty-format@28.1.1 want: ^18.0.0
215 timing idealTree:node_modules/@types/jest/node_modules/pretty-format Completed in 5ms
216 timing idealTree:node_modules/@types/jest/node_modules/react-is Completed in 0ms
217 silly placeDep node_modules/@types/jest has-flag@4.0.0 OK for: supports-color@7.2.0 want: ^4.0.0
218 timing idealTree:node_modules/@types/jest/node_modules/supports-color Completed in 1ms
219 timing idealTree:node_modules/@types/jest/node_modules/has-flag Completed in 0ms
220 timing idealTree:node_modules/css/node_modules/source-map Completed in 0ms
221 timing idealTree:node_modules/@types/jest/node_modules/pretty-format/node_modules/ansi-styles Completed in 0ms
222 timing idealTree:buildDeps Completed in 2643ms
223 timing idealTree:fixDepFlags Completed in 33ms
224 timing idealTree Completed in 4302ms
225 timing reify:loadTrees Completed in 4304ms
226 timing reify:diffTrees Completed in 72ms
227 silly reify moves {}
228 timing reify:retireShallow Completed in 1ms
229 timing reify:createSparse Completed in 11ms
230 timing reify:loadBundles Completed in 0ms
231 verbose reify failed optional dependency /home/cloudshell-user/amplifyapp/node_modules/fsevents
232 silly reify mark deleted [ '/home/cloudshell-user/amplifyapp/node_modules/fsevents' ]
233 timing reifyNode:node_modules/fsevents Completed in 6ms
234 silly tarball no local data for min-indent@https://registry.npmjs.org/min-indent/-/min-indent-1.0.1.tgz. Extracting by manifest.
235 silly tarball no local data for decode-uri-component@https://registry.npmjs.org/decode-uri-component/-/decode-uri-component-0.2.0.tgz. Extracting by manifest.
236 silly tarball no local data for atob@https://registry.npmjs.org/atob/-/atob-2.1.2.tgz. Extracting by manifest.
237 silly tarball no local data for strip-indent@https://registry.npmjs.org/strip-indent/-/strip-indent-3.0.0.tgz. Extracting by manifest.
238 silly tarball no local data for indent-string@https://registry.npmjs.org/indent-string/-/indent-string-4.0.0.tgz. Extracting by manifest.
239 silly tarball no local data for source-map-resolve@https://registry.npmjs.org/source-map-resolve/-/source-map-resolve-0.6.0.tgz. Extracting by manifest.
240 silly tarball no local data for @types/jest@https://registry.npmjs.org/@types/jest/-/jest-28.1.2.tgz. Extracting by manifest.
241 silly tarball no local data for csstype@https://registry.npmjs.org/csstype/-/csstype-3.1.0.tgz. Extracting by manifest.
242 silly tarball no local data for @types/scheduler@https://registry.npmjs.org/@types/scheduler/-/scheduler-0.16.2.tgz. Extracting by manifest.
243 silly tarball no local data for @types/prop-types@https://registry.npmjs.org/@types/prop-types/-/prop-types-15.7.5.tgz. Extracting by manifest.
244 silly tarball no local data for @types/react@https://registry.npmjs.org/@types/react/-/react-18.0.14.tgz. Extracting by manifest.
245 silly tarball no local data for @types/react-dom@https://registry.npmjs.org/@types/react-dom/-/react-dom-18.0.5.tgz. Extracting by manifest.
246 silly tarball no local data for redent@https://registry.npmjs.org/redent/-/redent-3.0.0.tgz. Extracting by manifest.
247 silly tarball no local data for css.escape@https://registry.npmjs.org/css.escape/-/css.escape-1.5.1.tgz. Extracting by manifest.
248 silly tarball no local data for css@https://registry.npmjs.org/css/-/css-3.0.0.tgz. Extracting by manifest.
249 silly tarball no local data for @types/testing-library__jest-dom@https://registry.npmjs.org/@types/testing-library__jest-dom/-/testing-library__jest-dom-5.14.4.tgz. Extracting by manifest.
250 silly tarball no local data for lz-string@https://registry.npmjs.org/lz-string/-/lz-string-1.4.4.tgz. Extracting by manifest.
251 silly tarball no local data for dom-accessibility-api@https://registry.npmjs.org/dom-accessibility-api/-/dom-accessibility-api-0.5.14.tgz. Extracting by manifest.
252 silly tarball no local data for @types/aria-query@https://registry.npmjs.org/@types/aria-query/-/aria-query-4.2.2.tgz. Extracting by manifest.
253 silly tarball no local data for web-vitals@https://registry.npmjs.org/web-vitals/-/web-vitals-2.1.4.tgz. Extracting by manifest.
254 silly tarball no local data for @testing-library/dom@https://registry.npmjs.org/@testing-library/dom/-/dom-8.13.0.tgz. Extracting by manifest.
255 silly tarball no local data for @testing-library/user-event@https://registry.npmjs.org/@testing-library/user-event/-/user-event-13.5.0.tgz. Extracting by manifest.
256 silly tarball no local data for @testing-library/react@https://registry.npmjs.org/@testing-library/react/-/react-13.3.0.tgz. Extracting by manifest.
257 silly tarball no local data for @testing-library/jest-dom@https://registry.npmjs.org/@testing-library/jest-dom/-/jest-dom-5.16.4.tgz. Extracting by manifest.
258 silly tarball no local data for diff-sequences@https://registry.npmjs.org/diff-sequences/-/diff-sequences-28.1.1.tgz. Extracting by manifest.
259 silly tarball no local data for jest-get-type@https://registry.npmjs.org/jest-get-type/-/jest-get-type-28.0.2.tgz. Extracting by manifest.
260 silly tarball no local data for jest-diff@https://registry.npmjs.org/jest-diff/-/jest-diff-28.1.1.tgz. Extracting by manifest.
261 silly tarball no local data for jest-matcher-utils@https://registry.npmjs.org/jest-matcher-utils/-/jest-matcher-utils-28.1.1.tgz. Extracting by manifest.
262 silly tarball no local data for aria-query@https://registry.npmjs.org/aria-query/-/aria-query-5.0.0.tgz. Extracting by manifest.
263 silly tarball no local data for chalk@https://registry.npmjs.org/chalk/-/chalk-3.0.0.tgz. Extracting by manifest.
264 silly tarball no local data for aria-query@https://registry.npmjs.org/aria-query/-/aria-query-5.0.0.tgz. Extracting by manifest.
265 timing reifyNode:node_modules/@types/jest/node_modules/color-name Completed in 701ms
266 timing reifyNode:node_modules/@testing-library/dom/node_modules/color-name Completed in 699ms
267 timing reifyNode:node_modules/@testing-library/jest-dom/node_modules/color-name Completed in 703ms
268 timing reifyNode:node_modules/@types/jest/node_modules/has-flag Completed in 706ms
269 timing reifyNode:node_modules/@types/jest/node_modules/supports-color Completed in 705ms
270 timing reifyNode:node_modules/@testing-library/dom/node_modules/has-flag Completed in 705ms
271 timing reifyNode:node_modules/@testing-library/dom/node_modules/supports-color Completed in 710ms
272 timing reifyNode:node_modules/@testing-library/jest-dom/node_modules/has-flag Completed in 710ms
273 timing reifyNode:node_modules/@testing-library/jest-dom/node_modules/supports-color Completed in 710ms
274 timing reifyNode:node_modules/@types/jest/node_modules/ansi-styles Completed in 712ms
275 timing reifyNode:node_modules/@types/jest/node_modules/pretty-format/node_modules/ansi-styles Completed in 713ms
276 timing reifyNode:node_modules/@testing-library/dom/node_modules/ansi-styles Completed in 719ms
277 timing reifyNode:node_modules/@testing-library/jest-dom/node_modules/ansi-styles Completed in 719ms
278 timing reifyNode:node_modules/@types/jest/node_modules/color-convert Completed in 728ms
279 timing reifyNode:node_modules/@testing-library/dom/node_modules/color-convert Completed in 731ms
280 timing reifyNode:node_modules/@testing-library/jest-dom/node_modules/color-convert Completed in 731ms
281 timing reifyNode:node_modules/@types/jest/node_modules/chalk Completed in 736ms
282 timing reifyNode:node_modules/@testing-library/dom/node_modules/chalk Completed in 738ms
283 timing reifyNode:node_modules/@types/jest/node_modules/react-is Completed in 740ms
284 http fetch GET 200 https://registry.npmjs.org/atob/-/atob-2.1.2.tgz 748ms (cache miss)
285 http fetch GET 200 https://registry.npmjs.org/decode-uri-component/-/decode-uri-component-0.2.0.tgz 752ms (cache miss)
286 timing reifyNode:node_modules/decode-uri-component Completed in 781ms
287 http fetch GET 200 https://registry.npmjs.org/strip-indent/-/strip-indent-3.0.0.tgz 753ms (cache miss)
288 timing reifyNode:node_modules/strip-indent Completed in 789ms
289 timing reifyNode:node_modules/atob Completed in 791ms
290 http fetch GET 200 https://registry.npmjs.org/@types/testing-library__jest-dom/-/testing-library__jest-dom-5.14.4.tgz 618ms (cache miss)
291 timing reifyNode:node_modules/@types/testing-library__jest-dom Completed in 797ms
292 http fetch GET 200 https://registry.npmjs.org/jest-get-type/-/jest-get-type-28.0.2.tgz 521ms (cache miss)
293 timing reifyNode:node_modules/@types/jest/node_modules/jest-get-type Completed in 807ms
294 http fetch GET 200 https://registry.npmjs.org/min-indent/-/min-indent-1.0.1.tgz 790ms (cache miss)
295 timing reifyNode:node_modules/min-indent Completed in 815ms
296 http fetch GET 200 https://registry.npmjs.org/indent-string/-/indent-string-4.0.0.tgz 747ms (cache miss)
297 timing reifyNode:node_modules/indent-string Completed in 822ms
298 http fetch GET 200 https://registry.npmjs.org/@types/scheduler/-/scheduler-0.16.2.tgz 732ms (cache miss)
299 timing reifyNode:node_modules/@types/scheduler Completed in 827ms
300 http fetch GET 200 https://registry.npmjs.org/@types/aria-query/-/aria-query-4.2.2.tgz 619ms (cache miss)
301 timing reifyNode:node_modules/@types/aria-query Completed in 836ms
302 http fetch GET 200 https://registry.npmjs.org/redent/-/redent-3.0.0.tgz 725ms (cache miss)
303 timing reifyNode:node_modules/redent Completed in 841ms
304 http fetch GET 200 https://registry.npmjs.org/@types/prop-types/-/prop-types-15.7.5.tgz 780ms (cache miss)
305 timing reifyNode:node_modules/@types/prop-types Completed in 878ms
306 http fetch GET 200 https://registry.npmjs.org/css.escape/-/css.escape-1.5.1.tgz 800ms (cache miss)
307 timing reifyNode:node_modules/css.escape Completed in 919ms
308 http fetch GET 200 https://registry.npmjs.org/diff-sequences/-/diff-sequences-28.1.1.tgz 704ms (cache miss)
309 timing reifyNode:node_modules/@types/jest/node_modules/diff-sequences Completed in 984ms
310 http fetch GET 200 https://registry.npmjs.org/source-map-resolve/-/source-map-resolve-0.6.0.tgz 919ms (cache miss)
311 warn deprecated source-map-resolve@0.6.0: See https://github.com/lydell/source-map-resolve#deprecated
312 timing reifyNode:node_modules/source-map-resolve Completed in 1003ms
313 timing reifyNode:node_modules/@types/jest/node_modules/pretty-format Completed in 1002ms
314 http fetch GET 200 https://registry.npmjs.org/@types/jest/-/jest-28.1.2.tgz 928ms (cache miss)
315 timing reifyNode:node_modules/@types/jest Completed in 1014ms
316 http fetch GET 200 https://registry.npmjs.org/jest-matcher-utils/-/jest-matcher-utils-28.1.1.tgz 727ms (cache miss)
317 timing reifyNode:node_modules/@types/jest/node_modules/jest-matcher-utils Completed in 1019ms
318 http fetch GET 200 https://registry.npmjs.org/@types/react-dom/-/react-dom-18.0.5.tgz 930ms (cache miss)
319 timing reifyNode:node_modules/@types/react-dom Completed in 1039ms
320 http fetch GET 200 https://registry.npmjs.org/chalk/-/chalk-3.0.0.tgz 781ms (cache miss)
321 timing reifyNode:node_modules/@testing-library/jest-dom/node_modules/chalk Completed in 1082ms
322 http fetch GET 200 https://registry.npmjs.org/css/-/css-3.0.0.tgz 965ms (cache miss)
323 timing reifyNode:node_modules/css Completed in 1087ms
324 http fetch GET 200 https://registry.npmjs.org/jest-diff/-/jest-diff-28.1.1.tgz 811ms (cache miss)
325 timing reifyNode:node_modules/@types/jest/node_modules/jest-diff Completed in 1100ms
326 http fetch GET 200 https://registry.npmjs.org/lz-string/-/lz-string-1.4.4.tgz 902ms (cache miss)
327 timing reifyNode:node_modules/lz-string Completed in 1112ms
328 http fetch GET 200 https://registry.npmjs.org/@types/react/-/react-18.0.14.tgz 1013ms (cache miss)
329 timing reifyNode:node_modules/@types/react Completed in 1118ms
330 http fetch GET 200 https://registry.npmjs.org/@testing-library/jest-dom/-/jest-dom-5.16.4.tgz 864ms (cache miss)
331 timing reifyNode:node_modules/@testing-library/jest-dom Completed in 1136ms
332 timing reifyNode:node_modules/css/node_modules/source-map Completed in 1189ms
333 http fetch GET 200 https://registry.npmjs.org/csstype/-/csstype-3.1.0.tgz 1124ms (cache miss)
334 timing reifyNode:node_modules/csstype Completed in 1212ms
335 http fetch GET 200 https://registry.npmjs.org/web-vitals/-/web-vitals-2.1.4.tgz 1065ms (cache miss)
336 timing reifyNode:node_modules/web-vitals Completed in 1283ms
337 http fetch GET 200 https://registry.npmjs.org/dom-accessibility-api/-/dom-accessibility-api-0.5.14.tgz 1106ms (cache miss)
338 timing reifyNode:node_modules/dom-accessibility-api Completed in 1319ms
339 http fetch GET 200 https://registry.npmjs.org/@testing-library/user-event/-/user-event-13.5.0.tgz 1274ms (cache miss)
340 timing reifyNode:node_modules/@testing-library/user-event Completed in 1504ms
341 http fetch GET 200 https://registry.npmjs.org/@testing-library/dom/-/dom-8.13.0.tgz 1477ms (cache miss)
342 timing reifyNode:node_modules/@testing-library/dom Completed in 1701ms
343 http fetch GET 200 https://registry.npmjs.org/aria-query/-/aria-query-5.0.0.tgz 1494ms (cache miss)
344 timing reifyNode:node_modules/@testing-library/jest-dom/node_modules/aria-query Completed in 1802ms
345 http fetch GET 200 https://registry.npmjs.org/aria-query/-/aria-query-5.0.0.tgz 1514ms (cache miss)
346 timing reifyNode:node_modules/@testing-library/dom/node_modules/aria-query Completed in 1813ms
347 http fetch GET 200 https://registry.npmjs.org/@testing-library/react/-/react-13.3.0.tgz 1645ms (cache miss)
348 timing reifyNode:node_modules/@testing-library/react Completed in 1879ms
349 timing reify:unpack Completed in 1882ms
350 timing reify:unretire Completed in 0ms
351 timing build:queue Completed in 3ms
352 timing build:link:node_modules/atob Completed in 2ms
353 timing build:link:node_modules/lz-string Completed in 1ms
354 timing build:link Completed in 2ms
355 timing build:deps Completed in 6ms
356 timing build Completed in 7ms
357 timing reify:build Completed in 8ms
358 timing reify:trash Completed in 1ms
359 timing reify:save Completed in 346ms
360 timing reify Completed in 6784ms
361 silly ADD node_modules/min-indent
362 silly ADD node_modules/decode-uri-component
363 silly ADD node_modules/atob
364 silly ADD node_modules/strip-indent
365 silly ADD node_modules/indent-string
366 silly ADD node_modules/source-map-resolve
367 silly ADD node_modules/@types/jest
368 silly ADD node_modules/@types/jest/node_modules/has-flag
369 silly ADD node_modules/@types/jest/node_modules/react-is
370 silly ADD node_modules/@types/jest/node_modules/diff-sequences
371 silly ADD node_modules/@types/jest/node_modules/color-name
372 silly ADD node_modules/@types/jest/node_modules/color-convert
373 silly ADD node_modules/@types/jest/node_modules/supports-color
374 silly ADD node_modules/@types/jest/node_modules/ansi-styles
375 silly ADD node_modules/@types/jest/node_modules/jest-get-type
376 silly ADD node_modules/@types/jest/node_modules/jest-diff
377 silly ADD node_modules/@types/jest/node_modules/chalk
378 silly ADD node_modules/@types/jest/node_modules/pretty-format
379 silly ADD node_modules/@types/jest/node_modules/pretty-format/node_modules/ansi-styles
380 silly ADD node_modules/@types/jest/node_modules/jest-matcher-utils
381 silly ADD node_modules/csstype
382 silly ADD node_modules/@types/scheduler
383 silly ADD node_modules/@types/prop-types
384 silly ADD node_modules/@types/react
385 silly ADD node_modules/@types/react-dom
386 silly ADD node_modules/redent
387 silly ADD node_modules/css.escape
388 silly ADD node_modules/css
389 silly ADD node_modules/css/node_modules/source-map
390 silly ADD node_modules/@types/testing-library__jest-dom
391 silly ADD node_modules/lz-string
392 silly ADD node_modules/dom-accessibility-api
393 silly ADD node_modules/@types/aria-query
394 silly ADD node_modules/web-vitals
395 silly ADD node_modules/@testing-library/dom
396 silly ADD node_modules/@testing-library/dom/node_modules/has-flag
397 silly ADD node_modules/@testing-library/dom/node_modules/color-name
398 silly ADD node_modules/@testing-library/dom/node_modules/color-convert
399 silly ADD node_modules/@testing-library/dom/node_modules/supports-color
400 silly ADD node_modules/@testing-library/dom/node_modules/ansi-styles
401 silly ADD node_modules/@testing-library/dom/node_modules/chalk
402 silly ADD node_modules/@testing-library/dom/node_modules/aria-query
403 silly ADD node_modules/@testing-library/user-event
404 silly ADD node_modules/@testing-library/react
405 silly ADD node_modules/@testing-library/jest-dom
406 silly ADD node_modules/@testing-library/jest-dom/node_modules/has-flag
407 silly ADD node_modules/@testing-library/jest-dom/node_modules/color-name
408 silly ADD node_modules/@testing-library/jest-dom/node_modules/color-convert
409 silly ADD node_modules/@testing-library/jest-dom/node_modules/supports-color
410 silly ADD node_modules/@testing-library/jest-dom/node_modules/ansi-styles
411 silly ADD node_modules/@testing-library/jest-dom/node_modules/chalk
412 silly ADD node_modules/@testing-library/jest-dom/node_modules/aria-query
413 silly ADD
414 timing command:install Completed in 6800ms
415 verbose exit 0
416 timing npm Completed in 7046ms
417 info ok
